
[2m> [22m[2mnx run[22m frontend:build:production

Project 'storybook-static' contains extension with invalid name (generatedAt).
Project 'storybook-static' contains extension with invalid name (userSince).
Project 'storybook-static' contains extension with invalid name (hasCustomBabel).
Project 'storybook-static' contains extension with invalid name (hasCustomWebpack).
Project 'storybook-static' contains extension with invalid name (hasStaticDirs).
Project 'storybook-static' contains extension with invalid name (hasStorybookEslint).
Project 'storybook-static' contains extension with invalid name (refCount).
Project 'storybook-static' contains extension with invalid name (knownPackages).
Project 'storybook-static' contains extension with invalid name (hasRouterPackage).
Project 'storybook-static' contains extension with invalid name (monorepo).
Project 'storybook-static' contains extension with invalid name (packageManager).
Project 'storybook-static' contains extension with invalid name (typescriptOptions).
Project 'storybook-static' contains extension with invalid name (preview).
Project 'storybook-static' contains extension with invalid name (framework).
Project 'storybook-static' contains extension with invalid name (builder).
Project 'storybook-static' contains extension with invalid name (renderer).
Project 'storybook-static' contains extension with invalid name (portableStoriesFileCount).
Project 'storybook-static' contains extension with invalid name (applicationFileCount).
Project 'storybook-static' contains extension with invalid name (storybookVersion).
Project 'storybook-static' contains extension with invalid name (storybookVersionSpecifier).
Project 'storybook-static' contains extension with invalid name (language).
Project 'storybook-static' contains extension with invalid name (storybookPackages).
Project 'storybook-static' contains extension with invalid name (addons).
Project 'storybook-static' contains extension with invalid name (packageJsonType).
[33m❯[39m Building...
[32m✔[39m Building...
[37m[1mInitial chunk files[22m  [2m | [22m[1mNames[22m                  [2m | [22m [1mRaw size[22m[2m | [22m[1mEstimated transfer size[22m
[32mchunk-3SOWYVHI.js[37m    [2m | [22m[2m-[22m                      [2m | [22m[36m440.41 kB[37m[2m | [22m               [36m95.76 kB[37m
[32mchunk-7XTFLLFI.js[37m    [2m | [22m[2m-[22m                      [2m | [22m[36m172.37 kB[37m[2m | [22m               [36m50.12 kB[37m
[32mmain-ZNTLBPJA.js[37m     [2m | [22m[2mmain[22m                   [2m | [22m [36m93.69 kB[37m[2m | [22m               [36m25.64 kB[37m
[32mchunk-JKDQVAU2.js[37m    [2m | [22m[2m-[22m                      [2m | [22m [36m73.85 kB[37m[2m | [22m               [36m19.99 kB[37m
[32mstyles-N7TSLCUC.css[37m  [2m | [22m[2mstyles[22m                 [2m | [22m [36m45.11 kB[37m[2m | [22m                [36m5.51 kB[37m
[32mpolyfills-2FSRUXKO.js[37m[2m | [22m[2mpolyfills[22m              [2m | [22m [36m35.73 kB[37m[2m | [22m               [36m11.58 kB[37m
[32mchunk-J46SWEF3.js[37m    [2m | [22m[2m-[22m                      [2m | [22m [36m20.16 kB[37m[2m | [22m                [36m5.67 kB[37m
[32mchunk-6C5OQ5CJ.js[37m    [2m | [22m[2m-[22m                      [2m | [22m  [36m4.16 kB[37m[2m | [22m                [36m1.29 kB[37m
[32mchunk-OO2EY4DH.js[37m    [2m | [22m[2m-[22m                      [2m | [22m  [36m3.52 kB[37m[2m | [22m                [36m1.44 kB[37m
[32mchunk-5KNOLOHA.js[37m    [2m | [22m[2m-[22m                      [2m | [22m  [36m1.00 kB[37m[2m | [22m                [36m1.00 kB[37m
[32mchunk-APFZ4JQG.js[37m    [2m | [22m[2m-[22m                      [2m | [22m[36m680 bytes[37m[2m | [22m              [36m680 bytes[37m
[1m [22m                    [2m | [22m[1mInitial total[22m          [2m | [22m[1m[93m890.67 kB[37m[22m[2m | [22m              [1m218.68 kB[22m
[1mLazy chunk fil[39m[37mes[22m     [2m | [22m[1mNames[22m                  [2m | [22m [1mRaw size[22m[2m | [22m[1mEstimated transfer size[22m
[32mchunk-NLMEX6RM.js[37m    [2m | [22m[2mindex[22m                  [2m | [22m [36m85.55 kB[37m[2m | [22m               [36m19.67 kB[37m
[32mchunk-OPHGXE5M.js[37m    [2m | [22m[2mindex[22m                  [2m | [22m [36m53.02 kB[37m[2m | [22m               [36m12.21 kB[37m
[32mchunk-DMLOZYX6.js[37m    [2m | [22m[2mindex[22m                  [2m | [22m [36m51.45 kB[37m[2m | [22m               [36m11.77 kB[37m
[32mchunk-SNN2WSKO.js[37m    [2m | [22m[2mindex[22m                  [2m | [22m [36m47.65 kB[37m[2m | [22m               [36m11.75 kB[37m
[32mchunk-V4G2ATDX.js[37m    [2m | [22m[2mindex[22m                  [2m | [22m [36m46.81 kB[37m[2m | [22m               [36m10.52 kB[37m
[32mchunk-5T7H25Q6.js[37m    [2m | [22m[2mindex[22m                  [2m | [22m [36m44.36 kB[37m[2m | [22m               [36m10.36 kB[37m
[32mchunk-7YGIZF5O.js[37m    [2m | [22m[2mindex[22m                  [2m | [22m [36m32.83 kB[37m[2m | [22m                [36m8.33 kB[37m
[32mchunk-A4SE5EEO.js[37m    [2m | [22m[2mindex[22m                  [2m | [22m [36m28.31 kB[37m[2m | [22m                [36m7.27 kB[37m
[32mchunk-24HYTZ2K.js[37m    [2m | [22m[2mservices-list-component[22m[2m | [22m [36m28.16 kB[37m[2m | [22m                [36m7.37 kB[37m
[32mchunk-HWBUCNPU.js[37m    [2m | [22m[2mindex[22m                  [2m | [22m [36m27.23 kB[37m[2m | [22m                [36m7.15 kB[37m
[32mchunk-FFQ546YF.js[37m    [2m | [22m[2mprojects-list-component[22m[2m | [22m [36m26.44 kB[37m[2m | [22m                [36m6.90 kB[37m
[32mchunk-4A4OFIOO.js[37m    [2m | [22m[2mreports-component[22m      [2m | [22m [36m16.71 kB[37m[2m | [22m                [36m4.80 kB[37m
[32mchunk-ORUPUEH5.js[37m    [2m | [22m[[39m[37m2mdashboard-component[22m    [2m | [22m [36m14.50 kB[37m[2m | [22m                [36m4.25 kB[37m
[32mchunk-YN5CCXF6.js[37m    [2m | [22m[2mindex[22m                  [2m | [22m [36m13.49 kB[37m[2m | [22m                [36m4.01 kB[37m
[32mchunk-MJR7UUCK.js[37m    [2m | [22m[2maudit-trail-component[22m  [2m | [22m [36m12.38 kB[37m[2m | [22m                [36m4.21 kB[37m
[2m...and 38 more lazy chunks files. Use "--verbose" to show all the files.[22m
Application bundle generation complete. [21.305 seconds] - 2026-04-13T21:27:25.480Z
[39m
[1m[33m[33m▲ [43;33m[[43;30mWARNING[43;33m][0m [1mbundle initial exceeded maximum budget. Budget 720.00 kB was not met by 170.67 kB with a total of 890.67 kB.[0m
[39m[22m
[37mOutput location: C:\Users\amuni\Desktop\josanz-proyect\josanz-erp\dist\apps\frontend
[39m

[2m[32m[39m[22m

[7m[1m[32m NX [39m[22m[27m  [32mSuccessfully ran target [1mbuild[22m for project frontend[39m


[2mYour AI agent configuration is outdated. Run "nx configure-ai-agents" to update.[22m

